JvmtiExport can_access_local_variables 0
JvmtiExport can_hotswap_or_post_breakpoint 0
JvmtiExport can_post_on_exceptions 0
# 393 ciObject found
ciMethod java/lang/Object <init> ()V 4097 1 12723906 0 96
ciMethod java/lang/Object getClass ()Ljava/lang/Class; 2049 1 256 0 -1
ciMethod java/lang/Object hashCode ()I 2049 1 256 0 -1
ciMethod java/lang/Object equals (Ljava/lang/Object;)Z 2065 1 257311 0 -1
ciMethod java/lang/String length ()I 4097 1 2545377 0 64
ciMethod java/lang/String isEmpty ()Z 2097 1 283918 0 64
ciMethod java/lang/String charAt (I)C 2401 1 4404084 0 128
ciMethod java/lang/String equals (Ljava/lang/Object;)Z 4097 1 6806 0 416
ciMethod java/lang/String substring (II)Ljava/lang/String; 3073 1 5528 0 -1
ciMethod java/lang/String coder ()B 3265 1 2807885 0 32
ciMethod java/lang/String isLatin1 ()Z 4097 1 5153233 0 64
ciMethod java/lang/String checkIndex (II)V 2177 1 7874 0 96
ciMethod java/lang/invoke/DirectMethodHandle internalMemberName (Ljava/lang/Object;)Ljava/lang/Object; 3865 1 1656194 0 -1
ciMethod java/lang/Integer highestOneBit (I)I 3081 1 37280 0 0
ciMethod java/lang/Integer numberOfLeadingZeros (I)I 105 1 9254 0 -1
ciMethod java/lang/Integer rotateLeft (II)I 2081 1 140166 0 0
ciMethod java/util/Iterator hasNext ()Z 0 0 1 0 -1
ciMethod java/util/Iterator next ()Ljava/lang/Object; 0 0 1 0 -1
ciMethod java/util/Set isEmpty ()Z 0 0 1 0 -1
ciMethod java/util/Set iterator ()Ljava/util/Iterator; 0 0 1 0 -1
ciMethod java/util/AbstractCollection <init> ()V 3305 1 1434774 0 32
ciMethod java/util/HashSet iterator ()Ljava/util/Iterator; 3073 1 28040 0 1856
ciMethod java/util/HashSet isEmpty ()Z 3081 1 27548 0 64
ciMethod java/util/AbstractSet <init> ()V 4097 1 489633 0 32
ciMethod java/util/HashMap isEmpty ()Z 2057 1 36093 0 64
ciMethod java/util/HashMap keySet ()Ljava/util/Set; 2057 1 13598 0 384
ciMethod java/lang/StringLatin1 charAt ([BI)C 2401 1 4234806 0 96
ciMethod java/lang/StringLatin1 equals ([B[B)Z 4097 5465 5499 0 -1
ciMethod java/lang/Math max (II)I 2113 1 211560 0 -1
ciMethod java/util/Arrays copyOf ([Ljava/lang/Object;I)[Ljava/lang/Object; 681 1 181373 0 480
ciMethod java/util/Arrays copyOf ([Ljava/lang/Object;ILjava/lang/Class;)[Ljava/lang/Object; 20217 1 7928 0 -1
ciMethod java/util/LinkedHashMap keySet ()Ljava/util/Set; 2073 1 15643 0 384
ciMethodData java/lang/Object <init> ()V 2 12723916 orig 80 0 2 0 0 1 0 0 0 0 0 0 0 0 0 0 0 0 0 0 0 0 0 0 0 0 0 0 0 0 0 0 0 0 0 0 0 0 0 0 0 0 0 0 0 0 0 0 0 0 0 0 0 0 0 0 0 0 0 0 0 0 0 0 0 0 0 0 0 0 0 0 0 0 0 0 0 0 0 0 0 data 4 0x0 0x9 0x1 0x0 oops 0 methods 0
ciMethodData java/lang/String isLatin1 ()Z 2 5153233 orig 80 0 2 0 0 0 0 0 0 0 0 0 0 0 0 0 0 0 0 0 0 0 0 0 0 0 0 0 0 0 0 0 0 0 0 0 0 0 0 1 0 0 0 0 0 0 0 0 0 0 0 0 0 0 0 0 0 0 0 0 0 0 0 0 0 0 0 0 0 0 0 0 0 0 0 0 0 0 0 0 0 data 18 0x30007 0x0 0x58 0x4e9ff5 0x80000006000a0007 0x328 0x38 0x4e9dca 0xe0003 0x4e9ecf 0x18 0x0 0x0 0x0 0x0 0x9 0x1 0x0 oops 0 methods 0
ciMethodData java/lang/String coder ()B 2 2807885 orig 80 152 1 0 0 0 0 0 0 0 0 0 0 0 0 0 0 0 0 0 0 0 0 0 0 0 0 0 0 0 0 0 0 0 0 0 0 0 0 0 0 0 0 0 0 0 0 0 0 0 0 0 0 0 0 0 0 0 0 0 0 0 0 0 0 0 0 0 0 0 0 0 0 0 0 0 0 0 0 0 0 data 14 0x30007 0x0 0x38 0x2ad6b8 0xa0003 0x2ad6df 0x18 0x0 0x0 0x0 0x0 0x9 0x1 0x0 oops 0 methods 0
ciMethod java/lang/Enum ordinal ()I 1273 1 159 0 0
ciMethodData java/lang/String equals (Ljava/lang/Object;)Z 2 6806 orig 80 0 2 0 0 0 0 0 0 0 0 0 0 0 0 0 0 0 0 0 0 0 0 0 0 0 0 0 0 0 0 0 0 0 0 0 0 0 0 0 0 0 0 0 0 0 0 0 0 0 0 0 0 0 0 0 0 0 0 0 0 0 0 0 0 0 0 0 0 0 0 0 0 0 0 0 0 0 0 0 0 data 68 0x20007 0x15ab 0x20 0x2eb 0x80104 0x0 0x0 0x7f8bfa01cf00 0x15a8 0x0 0x0 0xb0007 0x3 0x178 0x15a8 0xf0004 0x0 0x0 0x7f8bfa01cf00 0x15a8 0x0 0x0 0x140005 0x15a8 0x0 0x0 0x0 0x0 0x0 0x180005 0x15a8 0x0 0x0 0x0 0x0 0x0 0x1b0007 0x0 0xb0 0x15a8 0x1f0005 0x15a8 0x0 0x0 0x0 0x0 0x0 0x220007 0x0 0x48 0x15a8 0x2d0002 0x15a8 0x300003 0x15a8 0x28 0x3b0002 0x0 0x0 0x0 0x0 0x0 0x0 0x0 0x9 0x2 0x0 0x0 oops 2